=== HUD Starting Up ===
Initializing camera...
Starting services...
Creating OpenCV window...
Entering main loop...
=== HUD Starting Up ===
Initializing camera...
Starting services...
Creating OpenCV window...
Entering main loop...
=== HUD Starting Up ===
Initializing camera...
Starting services...
Creating OpenCV window...
Entering main loop...
=== HUD Starting Up ===
Initializing camera...
Starting services...
Creating OpenCV window...
Entering main loop...
=== HUD Starting Up ===
Initializing camera...
Starting services...
Creating OpenCV window...
Entering main loop...
=== HUD Starting Up ===
Initializing camera...
Starting services...
Creating OpenCV window...
Entering main loop...
=== HUD Starting Up ===
Initializing camera...
Starting services...
Creating OpenCV window...
Entering main loop...
=== HUD Starting Up ===
Initializing camera...
Starting services...
Creating OpenCV window...
Entering main loop...
=== HUD Starting Up ===
Initializing camera...
Starting services...
Creating OpenCV window...
Entering main loop...
=== HUD Starting Up ===
Initializing camera...
Starting services...
Creating OpenCV window...
Entering main loop...
=== HUD Starting Up ===
Initializing camera...
Starting services...
Creating OpenCV window...
Entering main loop...
=== HUD Starting Up ===
Initializing camera...
Starting services...
Creating OpenCV window...
Entering main loop...
=== HUD Starting Up ===
Initializing camera...
Starting services...
Creating OpenCV window...
Entering main loop...
=== HUD Starting Up ===
Initializing camera...
Starting services...
Creating OpenCV window...
Entering main loop...
=== HUD Starting Up ===
Initializing camera...
Starting services...
Creating OpenCV window...
Entering main loop...
=== HUD Starting Up ===
Initializing camera...
Starting services...
Creating OpenCV window...
Entering main loop...
